GROUP,PACKAGE,CLASS,INSTRUCTION_MISSED,INSTRUCTION_COVERED,BRANCH_MISSED,BRANCH_COVERED,LINE_MISSED,LINE_COVERED,COMPLEXITY_MISSED,COMPLEXITY_COVERED,METHOD_MISSED,METHOD_COVERED
KanbanBoardApplication,com.member.main.controller,TeamMemberController,87,11,0,0,22,3,7,2,7,2
KanbanBoardApplication,com.member,KanbanBoardApplication,5,3,0,0,2,1,1,1,1,1
KanbanBoardApplication,com.member.main.service,TeamMemberServiceImpl,104,111,30,14,22,21,24,7,2,7
KanbanBoardApplication,com.member.main.entity,TeamMember,18,48,0,0,7,18,1,12,1,12
KanbanBoardApplication,com.member.main.exception,InvalidUserId,0,4,0,0,0,2,0,1,0,1
KanbanBoardApplication,com.member.main.exception,InvalidCredentialsException,4,0,0,0,2,0,1,0,1,0
KanbanBoardApplication,com.member.main.exception,UserControllerAdvice,21,3,0,0,3,1,3,1,3,1
KanbanBoardApplication,com.member.main.exception,NullUserFound,4,0,0,0,2,0,1,0,1,0
KanbanBoardApplication,com.member.main.exception,NullEmailFoundException,4,0,0,0,2,0,1,0,1,0
