GROUP,PACKAGE,CLASS,INSTRUCTION_MISSED,INSTRUCTION_COVERED,BRANCH_MISSED,BRANCH_COVERED,LINE_MISSED,LINE_COVERED,COMPLEXITY_MISSED,COMPLEXITY_COVERED,METHOD_MISSED,METHOD_COVERED
KanbanBoardApplication,com.member.main.controller,TeamMemberController,43,3,0,0,14,1,7,1,7,1
KanbanBoardApplication,com.member,KanbanBoardApplication,5,3,0,0,2,1,1,1,1,1
KanbanBoardApplication,com.member.main.service,TeamMemberServiceImpl,216,7,44,0,44,2,30,2,8,2
KanbanBoardApplication,com.member.main.entity,TeamMember,26,52,0,0,7,22,5,10,5,10
KanbanBoardApplication,com.member.main.exception,InvalidUserId,4,0,0,0,2,0,1,0,1,0
KanbanBoardApplication,com.member.main.exception,InvalidCredentialsException,4,0,0,0,2,0,1,0,1,0
KanbanBoardApplication,com.member.main.exception,UserControllerAdvice,21,3,0,0,3,1,3,1,3,1
KanbanBoardApplication,com.member.main.exception,NullUserFound,4,0,0,0,2,0,1,0,1,0
KanbanBoardApplication,com.member.main.exception,NullEmailFoundException,4,0,0,0,2,0,1,0,1,0
